<?xml version="1.0" encoding="UTF-8"?>
<!-- Generated by org.testng.reporters.JUnitXMLReporter -->
<testsuite ignored="2" hostname="LAPTOP-I47JPUBR" failures="0" tests="1" name="Default test" time="5.547" errors="0" timestamp="2023-02-15T09:56:07 IST">
  <testcase classname="com.crm.qa.testcases.OrderCompletePageTest" name="ponyExpressImageDisplayed" time="0.076"/>
  <testcase classname="com.crm.qa.testcases.OrderCompletePageTest" name="thankYouMessagedisplayed" time="0.0">
    <ignored/>
  </testcase> <!-- thankYouMessagedisplayed -->
  <testcase classname="com.crm.qa.testcases.OrderCompletePageTest" name="backHomeBtnClick" time="0.0">
    <ignored/>
  </testcase> <!-- backHomeBtnClick -->
</testsuite> <!-- Default test -->
