<?xml version="1.0" encoding="UTF-8"?>
<testng-results ignored="0" total="14" passed="13" failed="1" skipped="0">
  <reporter-output>
  </reporter-output>
  <suite started-at="2023-02-12T12:19:30 IST" name="FREE CRM Application Test Automation Test Suite" finished-at="2023-02-12T12:20:51 IST" duration-ms="80738">
    <groups>
    </groups>
    <test started-at="2023-02-12T12:19:30 IST" name="Free CRM App Test Cases" finished-at="2023-02-12T12:20:51 IST" duration-ms="80738">
      <class name="com.crm.qa.testcases.OverViewPageTest">
        <test-method is-config="true" signature="setup()[pri:0, instance:com.crm.qa.testcases.OverViewPageTest@117159c0]" started-at="2023-02-12T12:20:09 IST" name="setup" finished-at="2023-02-12T12:20:15 IST" duration-ms="5216" status="PASS">
          <reporter-output>
          </reporter-output>
        </test-method> <!-- setup -->
        <test-method signature="finishBtnClick()[pri:0, instance:com.crm.qa.testcases.OverViewPageTest@117159c0]" started-at="2023-02-12T12:20:15 IST" name="finishBtnClick" finished-at="2023-02-12T12:20:15 IST" duration-ms="87" status="PASS">
          <reporter-output>
          </reporter-output>
        </test-method> <!-- finishBtnClick -->
        <test-method is-config="true" signature="teardown()[pri:0, instance:com.crm.qa.testcases.OverViewPageTest@117159c0]" started-at="2023-02-12T12:20:15 IST" name="teardown" finished-at="2023-02-12T12:20:15 IST" duration-ms="297" status="PASS">
          <reporter-output>
          </reporter-output>
        </test-method> <!-- teardown -->
        <test-method is-config="true" signature="setup()[pri:0, instance:com.crm.qa.testcases.OverViewPageTest@117159c0]" started-at="2023-02-12T12:20:15 IST" name="setup" finished-at="2023-02-12T12:20:20 IST" duration-ms="4742" status="PASS">
          <reporter-output>
          </reporter-output>
        </test-method> <!-- setup -->
        <test-method signature="paymentInfoDisplayed()[pri:0, instance:com.crm.qa.testcases.OverViewPageTest@117159c0]" started-at="2023-02-12T12:20:20 IST" name="paymentInfoDisplayed" finished-at="2023-02-12T12:20:20 IST" duration-ms="43" status="PASS">
          <reporter-output>
          </reporter-output>
        </test-method> <!-- paymentInfoDisplayed -->
        <test-method is-config="true" signature="teardown()[pri:0, instance:com.crm.qa.testcases.OverViewPageTest@117159c0]" started-at="2023-02-12T12:20:20 IST" name="teardown" finished-at="2023-02-12T12:20:20 IST" duration-ms="487" status="PASS">
          <reporter-output>
          </reporter-output>
        </test-method> <!-- teardown -->
        <test-method is-config="true" signature="setup()[pri:0, instance:com.crm.qa.testcases.OverViewPageTest@117159c0]" started-at="2023-02-12T12:20:20 IST" name="setup" finished-at="2023-02-12T12:20:25 IST" duration-ms="5107" status="PASS">
          <reporter-output>
          </reporter-output>
        </test-method> <!-- setup -->
        <test-method signature="shippingInfoDisplayed()[pri:0, instance:com.crm.qa.testcases.OverViewPageTest@117159c0]" started-at="2023-02-12T12:20:25 IST" name="shippingInfoDisplayed" finished-at="2023-02-12T12:20:25 IST" duration-ms="27" status="PASS">
          <reporter-output>
          </reporter-output>
        </test-method> <!-- shippingInfoDisplayed -->
        <test-method is-config="true" signature="teardown()[pri:0, instance:com.crm.qa.testcases.OverViewPageTest@117159c0]" started-at="2023-02-12T12:20:25 IST" name="teardown" finished-at="2023-02-12T12:20:26 IST" duration-ms="248" status="PASS">
          <reporter-output>
          </reporter-output>
        </test-method> <!-- teardown -->
      </class> <!-- com.crm.qa.testcases.OverViewPageTest -->
      <class name="com.crm.qa.testcases.HomePageTest">
        <test-method is-config="true" signature="setup()[pri:0, instance:com.crm.qa.testcases.HomePageTest@563f38c4]" started-at="2023-02-12T12:19:44 IST" name="setup" finished-at="2023-02-12T12:19:48 IST" duration-ms="3791" status="PASS">
          <reporter-output>
          </reporter-output>
        </test-method> <!-- setup -->
        <test-method signature="addToCart()[pri:0, instance:com.crm.qa.testcases.HomePageTest@563f38c4]" started-at="2023-02-12T12:19:48 IST" name="addToCart" finished-at="2023-02-12T12:19:48 IST" duration-ms="237" status="PASS">
          <reporter-output>
          </reporter-output>
        </test-method> <!-- addToCart -->
        <test-method is-config="true" signature="teardown()[pri:0, instance:com.crm.qa.testcases.HomePageTest@563f38c4]" started-at="2023-02-12T12:19:48 IST" name="teardown" finished-at="2023-02-12T12:19:49 IST" duration-ms="339" status="PASS">
          <reporter-output>
          </reporter-output>
        </test-method> <!-- teardown -->
        <test-method is-config="true" signature="setup()[pri:0, instance:com.crm.qa.testcases.HomePageTest@563f38c4]" started-at="2023-02-12T12:19:49 IST" name="setup" finished-at="2023-02-12T12:19:52 IST" duration-ms="3810" status="PASS">
          <reporter-output>
          </reporter-output>
        </test-method> <!-- setup -->
        <test-method signature="sortByPrice()[pri:0, instance:com.crm.qa.testcases.HomePageTest@563f38c4]" started-at="2023-02-12T12:19:52 IST" name="sortByPrice" finished-at="2023-02-12T12:19:53 IST" duration-ms="428" status="PASS">
          <reporter-output>
          </reporter-output>
        </test-method> <!-- sortByPrice -->
        <test-method is-config="true" signature="teardown()[pri:0, instance:com.crm.qa.testcases.HomePageTest@563f38c4]" started-at="2023-02-12T12:19:53 IST" name="teardown" finished-at="2023-02-12T12:19:53 IST" duration-ms="337" status="PASS">
          <reporter-output>
          </reporter-output>
        </test-method> <!-- teardown -->
      </class> <!-- com.crm.qa.testcases.HomePageTest -->
      <class name="com.crm.qa.testcases.LoginPageTest">
        <test-method is-config="true" signature="setup()[pri:0, instance:com.crm.qa.testcases.LoginPageTest@45099dd3]" started-at="2023-02-12T12:19:30 IST" name="setup" finished-at="2023-02-12T12:19:35 IST" duration-ms="5230" status="PASS">
          <reporter-output>
          </reporter-output>
        </test-method> <!-- setup -->
        <test-method signature="loginPageTitleTest()[pri:1, instance:com.crm.qa.testcases.LoginPageTest@45099dd3]" started-at="2023-02-12T12:19:35 IST" name="loginPageTitleTest" finished-at="2023-02-12T12:19:35 IST" duration-ms="17" status="PASS">
          <reporter-output>
          </reporter-output>
        </test-method> <!-- loginPageTitleTest -->
        <test-method is-config="true" signature="teardown()[pri:0, instance:com.crm.qa.testcases.LoginPageTest@45099dd3]" started-at="2023-02-12T12:19:35 IST" name="teardown" finished-at="2023-02-12T12:19:36 IST" duration-ms="324" status="PASS">
          <reporter-output>
          </reporter-output>
        </test-method> <!-- teardown -->
        <test-method is-config="true" signature="setup()[pri:0, instance:com.crm.qa.testcases.LoginPageTest@45099dd3]" started-at="2023-02-12T12:19:36 IST" name="setup" finished-at="2023-02-12T12:19:39 IST" duration-ms="3329" status="PASS">
          <reporter-output>
          </reporter-output>
        </test-method> <!-- setup -->
        <test-method signature="logoImageTest()[pri:2, instance:com.crm.qa.testcases.LoginPageTest@45099dd3]" started-at="2023-02-12T12:19:39 IST" name="logoImageTest" finished-at="2023-02-12T12:19:39 IST" duration-ms="117" status="PASS">
          <reporter-output>
          </reporter-output>
        </test-method> <!-- logoImageTest -->
        <test-method is-config="true" signature="teardown()[pri:0, instance:com.crm.qa.testcases.LoginPageTest@45099dd3]" started-at="2023-02-12T12:19:39 IST" name="teardown" finished-at="2023-02-12T12:19:40 IST" duration-ms="342" status="PASS">
          <reporter-output>
          </reporter-output>
        </test-method> <!-- teardown -->
        <test-method is-config="true" signature="setup()[pri:0, instance:com.crm.qa.testcases.LoginPageTest@45099dd3]" started-at="2023-02-12T12:19:40 IST" name="setup" finished-at="2023-02-12T12:19:43 IST" duration-ms="3688" status="PASS">
          <reporter-output>
          </reporter-output>
        </test-method> <!-- setup -->
        <test-method signature="loginTest()[pri:3, instance:com.crm.qa.testcases.LoginPageTest@45099dd3]" started-at="2023-02-12T12:19:43 IST" name="loginTest" finished-at="2023-02-12T12:19:44 IST" duration-ms="519" status="PASS">
          <reporter-output>
          </reporter-output>
        </test-method> <!-- loginTest -->
        <test-method is-config="true" signature="teardown()[pri:0, instance:com.crm.qa.testcases.LoginPageTest@45099dd3]" started-at="2023-02-12T12:19:44 IST" name="teardown" finished-at="2023-02-12T12:19:44 IST" duration-ms="358" status="PASS">
          <reporter-output>
          </reporter-output>
        </test-method> <!-- teardown -->
      </class> <!-- com.crm.qa.testcases.LoginPageTest -->
      <class name="com.crm.qa.testcases.CheckOutPageTest">
        <test-method is-config="true" signature="setup()[pri:0, instance:com.crm.qa.testcases.CheckOutPageTest@54422e18]" started-at="2023-02-12T12:19:53 IST" name="setup" finished-at="2023-02-12T12:19:58 IST" duration-ms="4512" status="PASS">
          <reporter-output>
          </reporter-output>
        </test-method> <!-- setup -->
        <test-method signature="enterUserDetails()[pri:0, instance:com.crm.qa.testcases.CheckOutPageTest@54422e18]" started-at="2023-02-12T12:19:58 IST" name="enterUserDetails" finished-at="2023-02-12T12:19:58 IST" duration-ms="455" status="PASS">
          <reporter-output>
          </reporter-output>
        </test-method> <!-- enterUserDetails -->
        <test-method is-config="true" signature="teardown()[pri:0, instance:com.crm.qa.testcases.CheckOutPageTest@54422e18]" started-at="2023-02-12T12:19:58 IST" name="teardown" finished-at="2023-02-12T12:19:58 IST" duration-ms="352" status="PASS">
          <reporter-output>
          </reporter-output>
        </test-method> <!-- teardown -->
        <test-method is-config="true" signature="setup()[pri:0, instance:com.crm.qa.testcases.CheckOutPageTest@54422e18]" started-at="2023-02-12T12:19:59 IST" name="setup" finished-at="2023-02-12T12:20:03 IST" duration-ms="4011" status="PASS">
          <reporter-output>
          </reporter-output>
        </test-method> <!-- setup -->
        <test-method signature="enterUserDetailsFromSheet(java.lang.String,java.lang.String,java.lang.String)[pri:0, instance:com.crm.qa.testcases.CheckOutPageTest@54422e18]" started-at="2023-02-12T12:20:03 IST" name="enterUserDetailsFromSheet" data-provider="getCRMTestData" finished-at="2023-02-12T12:20:03 IST" duration-ms="370" status="PASS">
          <params>
            <param index="0">
              <value>
                <![CDATA[Snow]]>
              </value>
            </param>
            <param index="1">
              <value>
                <![CDATA[White]]>
              </value>
            </param>
            <param index="2">
              <value>
                <![CDATA[500600.0]]>
              </value>
            </param>
          </params>
          <reporter-output>
          </reporter-output>
        </test-method> <!-- enterUserDetailsFromSheet -->
        <test-method is-config="true" signature="teardown()[pri:0, instance:com.crm.qa.testcases.CheckOutPageTest@54422e18]" started-at="2023-02-12T12:20:03 IST" name="teardown" finished-at="2023-02-12T12:20:04 IST" duration-ms="276" status="PASS">
          <reporter-output>
          </reporter-output>
        </test-method> <!-- teardown -->
        <test-method is-config="true" signature="setup()[pri:0, instance:com.crm.qa.testcases.CheckOutPageTest@54422e18]" started-at="2023-02-12T12:20:04 IST" name="setup" finished-at="2023-02-12T12:20:09 IST" duration-ms="5034" status="PASS">
          <reporter-output>
          </reporter-output>
        </test-method> <!-- setup -->
        <test-method signature="enterUserDetailsFromSheet(java.lang.String,java.lang.String,java.lang.String)[pri:0, instance:com.crm.qa.testcases.CheckOutPageTest@54422e18]" started-at="2023-02-12T12:20:09 IST" name="enterUserDetailsFromSheet" data-provider="getCRMTestData" finished-at="2023-02-12T12:20:09 IST" duration-ms="454" status="PASS">
          <params>
            <param index="0">
              <value>
                <![CDATA[Tom]]>
              </value>
            </param>
            <param index="1">
              <value>
                <![CDATA[Job]]>
              </value>
            </param>
            <param index="2">
              <value>
                <![CDATA[200560.0]]>
              </value>
            </param>
          </params>
          <reporter-output>
          </reporter-output>
        </test-method> <!-- enterUserDetailsFromSheet -->
        <test-method is-config="true" signature="teardown()[pri:0, instance:com.crm.qa.testcases.CheckOutPageTest@54422e18]" started-at="2023-02-12T12:20:09 IST" name="teardown" finished-at="2023-02-12T12:20:09 IST" duration-ms="255" status="PASS">
          <reporter-output>
          </reporter-output>
        </test-method> <!-- teardown -->
      </class> <!-- com.crm.qa.testcases.CheckOutPageTest -->
      <class name="com.crm.qa.testcases.OrderCompletePageTest">
        <test-method is-config="true" signature="setup()[pri:0, instance:com.crm.qa.testcases.OrderCompletePageTest@3e27ba32]" started-at="2023-02-12T12:20:26 IST" name="setup" finished-at="2023-02-12T12:20:30 IST" duration-ms="4684" status="PASS">
          <reporter-output>
          </reporter-output>
        </test-method> <!-- setup -->
        <test-method signature="backHomeBtnClick()[pri:0, instance:com.crm.qa.testcases.OrderCompletePageTest@3e27ba32]" started-at="2023-02-12T12:20:30 IST" name="backHomeBtnClick" finished-at="2023-02-12T12:20:31 IST" duration-ms="118" status="PASS">
          <reporter-output>
          </reporter-output>
        </test-method> <!-- backHomeBtnClick -->
        <test-method is-config="true" signature="teardown()[pri:0, instance:com.crm.qa.testcases.OrderCompletePageTest@3e27ba32]" started-at="2023-02-12T12:20:31 IST" name="teardown" finished-at="2023-02-12T12:20:31 IST" duration-ms="341" status="PASS">
          <reporter-output>
          </reporter-output>
        </test-method> <!-- teardown -->
        <test-method is-config="true" signature="setup()[pri:0, instance:com.crm.qa.testcases.OrderCompletePageTest@3e27ba32]" started-at="2023-02-12T12:20:31 IST" name="setup" finished-at="2023-02-12T12:20:36 IST" duration-ms="4725" status="PASS">
          <reporter-output>
          </reporter-output>
        </test-method> <!-- setup -->
        <test-method signature="ponyExpressImageDisplayed()[pri:0, instance:com.crm.qa.testcases.OrderCompletePageTest@3e27ba32]" started-at="2023-02-12T12:20:36 IST" name="ponyExpressImageDisplayed" finished-at="2023-02-12T12:20:46 IST" duration-ms="10314" status="FAIL">
          <exception class="org.openqa.selenium.NoSuchElementException">
            <message>
              <![CDATA[no such element: Unable to locate element: {"method":"css selector","selector":".pony_express12345"}
  (Session info: MicrosoftEdge=110.0.1587.41)
For documentation on this error, please visit: https://selenium.dev/exceptions/#no_such_element
Build info: version: '4.8.0', revision: '267030adea'
System info: os.name: 'Windows 10', os.arch: 'amd64', os.version: '10.0', java.version: '17.0.5'
Driver info: org.openqa.selenium.edge.EdgeDriver
Command: [c65e801c03f22df1ac1998e720d36e11, findElement {using=class name, value=pony_express12345}]
Capabilities {acceptInsecureCerts: false, browserName: msedge, browserVersion: 110.0.1587.41, ms:edgeOptions: {debuggerAddress: localhost:52510}, msedge: {msedgedriverVersion: 109.0.1518.78 (4e4b32c38163..., userDataDir: C:\Users\User\AppData\Local...}, networkConnectionEnabled: false, pageLoadStrategy: normal, platformName: WINDOWS, proxy: Proxy(), se:cdp: ws://localhost:52510/devtoo..., se:cdpVersion: 110.0.1587.41, setWindowRect: true, strictFileInteractability: false, timeouts: {implicit: 0, pageLoad: 300000, script: 30000}, unhandledPromptBehavior: dismiss and notify, webauthn:extension:credBlob: true, webauthn:extension:largeBlob: true, webauthn:virtualAuthenticators: true}
Session ID: c65e801c03f22df1ac1998e720d36e11]]>
            </message>
            <full-stacktrace>
              <![CDATA[org.openqa.selenium.NoSuchElementException: no such element: Unable to locate element: {"method":"css selector","selector":".pony_express12345"}
  (Session info: MicrosoftEdge=110.0.1587.41)
For documentation on this error, please visit: https://selenium.dev/exceptions/#no_such_element
Build info: version: '4.8.0', revision: '267030adea'
System info: os.name: 'Windows 10', os.arch: 'amd64', os.version: '10.0', java.version: '17.0.5'
Driver info: org.openqa.selenium.edge.EdgeDriver
Command: [c65e801c03f22df1ac1998e720d36e11, findElement {using=class name, value=pony_express12345}]
Capabilities {acceptInsecureCerts: false, browserName: msedge, browserVersion: 110.0.1587.41, ms:edgeOptions: {debuggerAddress: localhost:52510}, msedge: {msedgedriverVersion: 109.0.1518.78 (4e4b32c38163..., userDataDir: C:\Users\User\AppData\Local...}, networkConnectionEnabled: false, pageLoadStrategy: normal, platformName: WINDOWS, proxy: Proxy(), se:cdp: ws://localhost:52510/devtoo..., se:cdpVersion: 110.0.1587.41, setWindowRect: true, strictFileInteractability: false, timeouts: {implicit: 0, pageLoad: 300000, script: 30000}, unhandledPromptBehavior: dismiss and notify, webauthn:extension:credBlob: true, webauthn:extension:largeBlob: true, webauthn:virtualAuthenticators: true}
Session ID: c65e801c03f22df1ac1998e720d36e11
at java.base/jdk.internal.reflect.NativeConstructorAccessorImpl.newInstance0(Native Method)
at java.base/jdk.internal.reflect.NativeConstructorAccessorImpl.newInstance(NativeConstructorAccessorImpl.java:77)
at java.base/jdk.internal.reflect.DelegatingConstructorAccessorImpl.newInstance(DelegatingConstructorAccessorImpl.java:45)
at java.base/java.lang.reflect.Constructor.newInstanceWithCaller(Constructor.java:499)
at java.base/java.lang.reflect.Constructor.newInstance(Constructor.java:480)
at org.openqa.selenium.remote.codec.w3c.W3CHttpResponseCodec.createException(W3CHttpResponseCodec.java:200)
at org.openqa.selenium.remote.codec.w3c.W3CHttpResponseCodec.decode(W3CHttpResponseCodec.java:133)
at org.openqa.selenium.remote.codec.w3c.W3CHttpResponseCodec.decode(W3CHttpResponseCodec.java:53)
at org.openqa.selenium.remote.HttpCommandExecutor.execute(HttpCommandExecutor.java:184)
at org.openqa.selenium.remote.service.DriverCommandExecutor.invokeExecute(DriverCommandExecutor.java:167)
at org.openqa.selenium.remote.service.DriverCommandExecutor.execute(DriverCommandExecutor.java:142)
at org.openqa.selenium.remote.RemoteWebDriver.execute(RemoteWebDriver.java:543)
at org.openqa.selenium.remote.ElementLocation$ElementFinder$2.findElement(ElementLocation.java:162)
at org.openqa.selenium.remote.ElementLocation.findElement(ElementLocation.java:60)
at org.openqa.selenium.remote.RemoteWebDriver.findElement(RemoteWebDriver.java:352)
at org.openqa.selenium.remote.RemoteWebDriver.findElement(RemoteWebDriver.java:344)
at jdk.internal.reflect.GeneratedMethodAccessor3.invoke(Unknown Source)
at java.base/jdk.internal.reflect.DelegatingMethodAccessorImpl.invoke(DelegatingMethodAccessorImpl.java:43)
at java.base/java.lang.reflect.Method.invoke(Method.java:568)
at org.openqa.selenium.support.events.EventFiringWebDriver.lambda$new$1(EventFiringWebDriver.java:106)
at jdk.proxy2/jdk.proxy2.$Proxy16.findElement(Unknown Source)
at org.openqa.selenium.support.events.EventFiringWebDriver.findElement(EventFiringWebDriver.java:195)
at org.openqa.selenium.support.pagefactory.DefaultElementLocator.findElement(DefaultElementLocator.java:70)
at org.openqa.selenium.support.pagefactory.internal.LocatingElementHandler.invoke(LocatingElementHandler.java:39)
at jdk.proxy2/jdk.proxy2.$Proxy20.isDisplayed(Unknown Source)
at com.crm.qa.pages.OrderCompletePage.imageDisplayed(OrderCompletePage.java:28)
at com.crm.qa.testcases.OrderCompletePageTest.ponyExpressImageDisplayed(OrderCompletePageTest.java:44)
at java.base/jdk.internal.reflect.NativeMethodAccessorImpl.invoke0(Native Method)
at java.base/jdk.internal.reflect.NativeMethodAccessorImpl.invoke(NativeMethodAccessorImpl.java:77)
at java.base/jdk.internal.reflect.DelegatingMethodAccessorImpl.invoke(DelegatingMethodAccessorImpl.java:43)
at java.base/java.lang.reflect.Method.invoke(Method.java:568)
at org.testng.internal.invokers.MethodInvocationHelper.invokeMethod(MethodInvocationHelper.java:139)
at org.testng.internal.invokers.TestInvoker.invokeMethod(TestInvoker.java:677)
at org.testng.internal.invokers.TestInvoker.invokeTestMethod(TestInvoker.java:221)
at org.testng.internal.invokers.MethodRunner.runInSequence(MethodRunner.java:50)
at org.testng.internal.invokers.TestInvoker$MethodInvocationAgent.invoke(TestInvoker.java:969)
at org.testng.internal.invokers.TestInvoker.invokeTestMethods(TestInvoker.java:194)
at org.testng.internal.invokers.TestMethodWorker.invokeTestMethods(TestMethodWorker.java:148)
at org.testng.internal.invokers.TestMethodWorker.run(TestMethodWorker.java:128)
at java.base/java.util.ArrayList.forEach(ArrayList.java:1511)
at org.testng.TestRunner.privateRun(TestRunner.java:829)
at org.testng.TestRunner.run(TestRunner.java:602)
at org.testng.SuiteRunner.runTest(SuiteRunner.java:437)
at org.testng.SuiteRunner.runSequentially(SuiteRunner.java:431)
at org.testng.SuiteRunner.privateRun(SuiteRunner.java:391)
at org.testng.SuiteRunner.run(SuiteRunner.java:330)
at org.testng.SuiteRunnerWorker.runSuite(SuiteRunnerWorker.java:52)
at org.testng.SuiteRunnerWorker.run(SuiteRunnerWorker.java:95)
at org.testng.TestNG.runSuitesSequentially(TestNG.java:1256)
at org.testng.TestNG.runSuitesLocally(TestNG.java:1176)
at org.testng.TestNG.runSuites(TestNG.java:1099)
at org.testng.TestNG.run(TestNG.java:1067)
at org.testng.remote.AbstractRemoteTestNG.run(AbstractRemoteTestNG.java:115)
at org.testng.remote.RemoteTestNG.initAndRun(RemoteTestNG.java:251)
at org.testng.remote.RemoteTestNG.main(RemoteTestNG.java:77)
]]>
            </full-stacktrace>
          </exception> <!-- org.openqa.selenium.NoSuchElementException -->
          <reporter-output>
          </reporter-output>
        </test-method> <!-- ponyExpressImageDisplayed -->
        <test-method is-config="true" signature="teardown()[pri:0, instance:com.crm.qa.testcases.OrderCompletePageTest@3e27ba32]" started-at="2023-02-12T12:20:46 IST" name="teardown" finished-at="2023-02-12T12:20:46 IST" duration-ms="295" status="PASS">
          <reporter-output>
          </reporter-output>
        </test-method> <!-- teardown -->
        <test-method is-config="true" signature="setup()[pri:0, instance:com.crm.qa.testcases.OrderCompletePageTest@3e27ba32]" started-at="2023-02-12T12:20:46 IST" name="setup" finished-at="2023-02-12T12:20:51 IST" duration-ms="4413" status="PASS">
          <reporter-output>
          </reporter-output>
        </test-method> <!-- setup -->
        <test-method signature="thankYouMessagedisplayed()[pri:0, instance:com.crm.qa.testcases.OrderCompletePageTest@3e27ba32]" started-at="2023-02-12T12:20:51 IST" name="thankYouMessagedisplayed" finished-at="2023-02-12T12:20:51 IST" duration-ms="37" status="PASS">
          <reporter-output>
          </reporter-output>
        </test-method> <!-- thankYouMessagedisplayed -->
        <test-method is-config="true" signature="teardown()[pri:0, instance:com.crm.qa.testcases.OrderCompletePageTest@3e27ba32]" started-at="2023-02-12T12:20:51 IST" name="teardown" finished-at="2023-02-12T12:20:51 IST" duration-ms="259" status="PASS">
          <reporter-output>
          </reporter-output>
        </test-method> <!-- teardown -->
      </class> <!-- com.crm.qa.testcases.OrderCompletePageTest -->
    </test> <!-- Free CRM App Test Cases -->
  </suite> <!-- FREE CRM Application Test Automation Test Suite -->
</testng-results>
