<?xml version="1.0" encoding="UTF-8"?>
<testng-results ignored="2" total="3" passed="1" failed="0" skipped="0">
  <reporter-output>
  </reporter-output>
  <suite started-at="2023-02-15T09:56:01 IST" name="Default suite" finished-at="2023-02-15T09:56:07 IST" duration-ms="5547">
    <groups>
    </groups>
    <test started-at="2023-02-15T09:56:01 IST" name="Default test" finished-at="2023-02-15T09:56:07 IST" duration-ms="5547">
      <class name="com.crm.qa.testcases.OrderCompletePageTest">
        <test-method is-config="true" signature="setup()[pri:0, instance:com.crm.qa.testcases.OrderCompletePageTest@942a29c]" started-at="2023-02-15T09:56:01 IST" name="setup" finished-at="2023-02-15T09:56:06 IST" duration-ms="5089" status="PASS">
          <reporter-output>
          </reporter-output>
        </test-method> <!-- setup -->
        <test-method signature="ponyExpressImageDisplayed()[pri:2, instance:com.crm.qa.testcases.OrderCompletePageTest@942a29c]" started-at="2023-02-15T09:56:06 IST" name="ponyExpressImageDisplayed" finished-at="2023-02-15T09:56:06 IST" duration-ms="76" status="PASS">
          <reporter-output>
          </reporter-output>
        </test-method> <!-- ponyExpressImageDisplayed -->
        <test-method is-config="true" signature="teardown()[pri:0, instance:com.crm.qa.testcases.OrderCompletePageTest@942a29c]" started-at="2023-02-15T09:56:06 IST" name="teardown" finished-at="2023-02-15T09:56:07 IST" duration-ms="321" status="PASS">
          <reporter-output>
          </reporter-output>
        </test-method> <!-- teardown -->
      </class> <!-- com.crm.qa.testcases.OrderCompletePageTest -->
    </test> <!-- Default test -->
  </suite> <!-- Default suite -->
</testng-results>
